# JRE version: Java(TM) SE Runtime Environment (8.0_161-b12) (build 1.8.0_161-b12)
# Java VM: Java HotSpot(TM) 64-Bit Server VM (25.161-b12 mixed mode windows-amd64 compressed oops)
Heap:
 PSYoungGen      total 24576K, used 8631K [0x00000000d6e00000, 0x00000000d9380000, 0x0000000100000000)
  eden space 24064K, 35% used [0x00000000d6e00000,0x00000000d765ded8,0x00000000d8580000)
  from space 512K, 12% used [0x00000000d9300000,0x00000000d9310000,0x00000000d9380000)
  to   space 512K, 0% used [0x00000000d9280000,0x00000000d9280000,0x00000000d9300000)
 ParOldGen       total 96256K, used 64673K [0x0000000084a00000, 0x000000008a800000, 0x00000000d6e00000)
  object space 96256K, 67% used [0x0000000084a00000,0x0000000088928778,0x000000008a800000)
 Metaspace       used 34507K, capacity 35554K, committed 35584K, reserved 1081344K
  class space    used 4360K, capacity 4606K, committed 4608K, reserved 1048576K
GC Heap History (10 events):
Event: 75514.811 GC heap before
{Heap before GC invocations=6516 (full 2):
 PSYoungGen      total 24576K, used 24160K [0x00000000d6e00000, 0x00000000d9380000, 0x0000000100000000)
  eden space 24064K, 100% used [0x00000000d6e00000,0x00000000d8580000,0x00000000d8580000)
  from space 512K, 18% used [0x00000000d9280000,0x00000000d9298000,0x00000000d9300000)
  to   space 512K, 0% used [0x00000000d9300000,0x00000000d9300000,0x00000000d9380000)
 ParOldGen       total 96256K, used 64673K [0x0000000084a00000, 0x000000008a800000, 0x00000000d6e00000)
  object space 96256K, 67% used [0x0000000084a00000,0x0000000088928778,0x000000008a800000)
 Metaspace       used 34507K, capacity 35554K, committed 35584K, reserved 1081344K
  class space    used 4360K, capacity 4606K, committed 4608K, reserved 1048576K
Event: 75514.814 GC heap after
Heap after GC invocations=6516 (full 2):
 PSYoungGen      total 24576K, used 128K [0x00000000d6e00000, 0x00000000d9380000, 0x0000000100000000)
  eden space 24064K, 0% used [0x00000000d6e00000,0x00000000d6e00000,0x00000000d8580000)
  from space 512K, 25% used [0x00000000d9300000,0x00000000d9320000,0x00000000d9380000)
  to   space 512K, 0% used [0x00000000d9280000,0x00000000d9280000,0x00000000d9300000)
 ParOldGen       total 96256K, used 64673K [0x0000000084a00000, 0x000000008a800000, 0x00000000d6e00000)
  object space 96256K, 67% used [0x0000000084a00000,0x0000000088928778,0x000000008a800000)
 Metaspace       used 34507K, capacity 35554K, committed 35584K, reserved 1081344K
  class space    used 4360K, capacity 4606K, committed 4608K, reserved 1048576K
}
Event: 75525.983 GC heap before
{Heap before GC invocations=6517 (full 2):
 PSYoungGen      total 24576K, used 24192K [0x00000000d6e00000, 0x00000000d9380000, 0x0000000100000000)
  eden space 24064K, 100% used [0x00000000d6e00000,0x00000000d8580000,0x00000000d8580000)
  from space 512K, 25% used [0x00000000d9300000,0x00000000d9320000,0x00000000d9380000)
  to   space 512K, 0% used [0x00000000d9280000,0x00000000d9280000,0x00000000d9300000)
 ParOldGen       total 96256K, used 64673K [0x0000000084a00000, 0x000000008a800000, 0x00000000d6e00000)
  object space 96256K, 67% used [0x0000000084a00000,0x0000000088928778,0x000000008a800000)
 Metaspace       used 34507K, capacity 35554K, committed 35584K, reserved 1081344K
  class space    used 4360K, capacity 4606K, committed 4608K, reserved 1048576K
Event: 75525.986 GC heap after
Heap after GC invocations=6517 (full 2):
 PSYoungGen      total 24576K, used 64K [0x00000000d6e00000, 0x00000000d9380000, 0x0000000100000000)
  eden space 24064K, 0% used [0x00000000d6e00000,0x00000000d6e00000,0x00000000d8580000)
  from space 512K, 12% used [0x00000000d9280000,0x00000000d9290000,0x00000000d9300000)
  to   space 512K, 0% used [0x00000000d9300000,0x00000000d9300000,0x00000000d9380000)
 ParOldGen       total 96256K, used 64673K [0x0000000084a00000, 0x000000008a800000, 0x00000000d6e00000)
  object space 96256K, 67% used [0x0000000084a00000,0x0000000088928778,0x000000008a800000)
 Metaspace       used 34507K, capacity 35554K, committed 35584K, reserved 1081344K
  class space    used 4360K, capacity 4606K, committed 4608K, reserved 1048576K
}
Event: 75536.736 GC heap before
{Heap before GC invocations=6518 (full 2):
 PSYoungGen      total 24576K, used 24128K [0x00000000d6e00000, 0x00000000d9380000, 0x0000000100000000)
  eden space 24064K, 100% used [0x00000000d6e00000,0x00000000d8580000,0x00000000d8580000)
  from space 512K, 12% used [0x00000000d9280000,0x00000000d9290000,0x00000000d9300000)
  to   space 512K, 0% used [0x00000000d9300000,0x00000000d9300000,0x00000000d9380000)
 ParOldGen       total 96256K, used 64673K [0x0000000084a00000, 0x000000008a800000, 0x00000000d6e00000)
  object space 96256K, 67% used [0x0000000084a00000,0x0000000088928778,0x000000008a800000)
 Metaspace       used 34507K, capacity 35554K, committed 35584K, reserved 1081344K
  class space    used 4360K, capacity 4606K, committed 4608K, reserved 1048576K
Event: 75536.738 GC heap after
Heap after GC invocations=6518 (full 2):
 PSYoungGen      total 24576K, used 128K [0x00000000d6e00000, 0x00000000d9380000, 0x0000000100000000)
  eden space 24064K, 0% used [0x00000000d6e00000,0x00000000d6e00000,0x00000000d8580000)
  from space 512K, 25% used [0x00000000d9300000,0x00000000d9320000,0x00000000d9380000)
  to   space 512K, 0% used [0x00000000d9280000,0x00000000d9280000,0x00000000d9300000)
 ParOldGen       total 96256K, used 64673K [0x0000000084a00000, 0x000000008a800000, 0x00000000d6e00000)
  object space 96256K, 67% used [0x0000000084a00000,0x0000000088928778,0x000000008a800000)
 Metaspace       used 34507K, capacity 35554K, committed 35584K, reserved 1081344K
  class space    used 4360K, capacity 4606K, committed 4608K, reserved 1048576K
}
Event: 75547.707 GC heap before
{Heap before GC invocations=6519 (full 2):
 PSYoungGen      total 24576K, used 24192K [0x00000000d6e00000, 0x00000000d9380000, 0x0000000100000000)
  eden space 24064K, 100% used [0x00000000d6e00000,0x00000000d8580000,0x00000000d8580000)
  from space 512K, 25% used [0x00000000d9300000,0x00000000d9320000,0x00000000d9380000)
  to   space 512K, 0% used [0x00000000d9280000,0x00000000d9280000,0x00000000d9300000)
 ParOldGen       total 96256K, used 64673K [0x0000000084a00000, 0x000000008a800000, 0x00000000d6e00000)
  object space 96256K, 67% used [0x0000000084a00000,0x0000000088928778,0x000000008a800000)
 Metaspace       used 34507K, capacity 35554K, committed 35584K, reserved 1081344K
  class space    used 4360K, capacity 4606K, committed 4608K, reserved 1048576K
Event: 75547.709 GC heap after
Heap after GC invocations=6519 (full 2):
 PSYoungGen      total 24576K, used 160K [0x00000000d6e00000, 0x00000000d9380000, 0x0000000100000000)
  eden space 24064K, 0% used [0x00000000d6e00000,0x00000000d6e00000,0x00000000d8580000)
  from space 512K, 31% used [0x00000000d9280000,0x00000000d92a8000,0x00000000d9300000)
  to   space 512K, 0% used [0x00000000d9300000,0x00000000d9300000,0x00000000d9380000)
 ParOldGen       total 96256K, used 64673K [0x0000000084a00000, 0x000000008a800000, 0x00000000d6e00000)
  object space 96256K, 67% used [0x0000000084a00000,0x0000000088928778,0x000000008a800000)
 Metaspace       used 34507K, capacity 35554K, committed 35584K, reserved 1081344K
  class space    used 4360K, capacity 4606K, committed 4608K, reserved 1048576K
}
Event: 75558.109 GC heap before
{Heap before GC invocations=6520 (full 2):
 PSYoungGen      total 24576K, used 24224K [0x00000000d6e00000, 0x00000000d9380000, 0x0000000100000000)
  eden space 24064K, 100% used [0x00000000d6e00000,0x00000000d8580000,0x00000000d8580000)
  from space 512K, 31% used [0x00000000d9280000,0x00000000d92a8000,0x00000000d9300000)
  to   space 512K, 0% used [0x00000000d9300000,0x00000000d9300000,0x00000000d9380000)
 ParOldGen       total 96256K, used 64673K [0x0000000084a00000, 0x000000008a800000, 0x00000000d6e00000)
  object space 96256K, 67% used [0x0000000084a00000,0x0000000088928778,0x000000008a800000)
 Metaspace       used 34507K, capacity 35554K, committed 35584K, reserved 1081344K
  class space    used 4360K, capacity 4606K, committed 4608K, reserved 1048576K
Event: 75558.112 GC heap after
Heap after GC invocations=6520 (full 2):
 PSYoungGen      total 24576K, used 64K [0x00000000d6e00000, 0x00000000d9380000, 0x0000000100000000)
  eden space 24064K, 0% used [0x00000000d6e00000,0x00000000d6e00000,0x00000000d8580000)
  from space 512K, 12% used [0x00000000d9300000,0x00000000d9310000,0x00000000d9380000)
  to   space 512K, 0% used [0x00000000d9280000,0x00000000d9280000,0x00000000d9300000)
 ParOldGen       total 96256K, used 64673K [0x0000000084a00000, 0x000000008a800000, 0x00000000d6e00000)
  object space 96256K, 67% used [0x0000000084a00000,0x0000000088928778,0x000000008a800000)
 Metaspace       used 34507K, capacity 35554K, committed 35584K, reserved 1081344K
  class space    used 4360K, capacity 4606K, committed 4608K, reserved 1048576K
}

